# JRE version: Java(TM) SE Runtime Environment (8.0_251-b08) (build 1.8.0_251-b08)
# Java VM: Java HotSpot(TM) 64-Bit Server VM (25.251-b08 mixed mode bsd-amd64 compressed oops)
Heap:
 PSYoungGen      total 179200K, used 166457K [0x0000000795580000, 0x00000007a4a80000, 0x00000007c0000000)
  eden space 147968K, 100% used [0x0000000795580000,0x000000079e600000,0x000000079e600000)
  from space 31232K, 59% used [0x000000079e600000,0x000000079f80e5d0,0x00000007a0480000)
  to   space 31232K, 46% used [0x00000007a2c00000,0x00000007a3a36160,0x00000007a4a80000)
 ParOldGen       total 76288K, used 47162K [0x0000000740000000, 0x0000000744a80000, 0x0000000795580000)
  object space 76288K, 61% used [0x0000000740000000,0x0000000742e0e908,0x0000000744a80000)
 Metaspace       used 32079K, capacity 33150K, committed 33408K, reserved 1079296K
  class space    used 4180K, capacity 4416K, committed 4480K, reserved 1048576K
GC Heap History (10 events):
Event: 6.749 GC heap before
{Heap before GC invocations=6 (full 1):
 PSYoungGen      total 71680K, used 66560K [0x0000000795580000, 0x000000079a080000, 0x00000007c0000000)
  eden space 66560K, 100% used [0x0000000795580000,0x0000000799680000,0x0000000799680000)
  from space 5120K, 0% used [0x0000000799b80000,0x0000000799b80000,0x000000079a080000)
  to   space 5120K, 0% used [0x0000000799680000,0x0000000799680000,0x0000000799b80000)
 ParOldGen       total 76288K, used 19136K [0x0000000740000000, 0x0000000744a80000, 0x0000000795580000)
  object space 76288K, 25% used [0x0000000740000000,0x00000007412b0250,0x0000000744a80000)
 Metaspace       used 24519K, capacity 25580K, committed 25728K, reserved 1071104K
  class space    used 3403K, capacity 3633K, committed 3712K, reserved 1048576K
Event: 6.758 GC heap after
Heap after GC invocations=6 (full 1):
 PSYoungGen      total 71680K, used 5104K [0x0000000795580000, 0x000000079d600000, 0x00000007c0000000)
  eden space 66560K, 0% used [0x0000000795580000,0x0000000795580000,0x0000000799680000)
  from space 5120K, 99% used [0x0000000799680000,0x0000000799b7c010,0x0000000799b80000)
  to   space 14848K, 0% used [0x000000079c780000,0x000000079c780000,0x000000079d600000)
 ParOldGen       total 76288K, used 22625K [0x0000000740000000, 0x0000000744a80000, 0x0000000795580000)
  object space 76288K, 29% used [0x0000000740000000,0x0000000741618738,0x0000000744a80000)
 Metaspace       used 24519K, capacity 25580K, committed 25728K, reserved 1071104K
  class space    used 3403K, capacity 3633K, committed 3712K, reserved 1048576K
}
Event: 7.168 GC heap before
{Heap before GC invocations=7 (full 1):
 PSYoungGen      total 71680K, used 71664K [0x0000000795580000, 0x000000079d600000, 0x00000007c0000000)
  eden space 66560K, 100% used [0x0000000795580000,0x0000000799680000,0x0000000799680000)
  from space 5120K, 99% used [0x0000000799680000,0x0000000799b7c010,0x0000000799b80000)
  to   space 14848K, 0% used [0x000000079c780000,0x000000079c780000,0x000000079d600000)
 ParOldGen       total 76288K, used 22625K [0x0000000740000000, 0x0000000744a80000, 0x0000000795580000)
  object space 76288K, 29% used [0x0000000740000000,0x0000000741618738,0x0000000744a80000)
 Metaspace       used 26135K, capacity 27210K, committed 27392K, reserved 1073152K
  class space    used 3580K, capacity 3806K, committed 3840K, reserved 1048576K
Event: 7.174 GC heap after
Heap after GC invocations=7 (full 1):
 PSYoungGen      total 114688K, used 6237K [0x0000000795580000, 0x000000079d480000, 0x00000007c0000000)
  eden space 101376K, 0% used [0x0000000795580000,0x0000000795580000,0x000000079b880000)
  from space 13312K, 46% used [0x000000079c780000,0x000000079cd97720,0x000000079d480000)
  to   space 14336K, 0% used [0x000000079b880000,0x000000079b880000,0x000000079c680000)
 ParOldGen       total 76288K, used 22633K [0x0000000740000000, 0x0000000744a80000, 0x0000000795580000)
  object space 76288K, 29% used [0x0000000740000000,0x000000074161a738,0x0000000744a80000)
 Metaspace       used 26135K, capacity 27210K, committed 27392K, reserved 1073152K
  class space    used 3580K, capacity 3806K, committed 3840K, reserved 1048576K
}
Event: 8.962 GC heap before
{Heap before GC invocations=8 (full 1):
 PSYoungGen      total 114688K, used 105392K [0x0000000795580000, 0x000000079d480000, 0x00000007c0000000)
  eden space 101376K, 97% used [0x0000000795580000,0x000000079b654a10,0x000000079b880000)
  from space 13312K, 46% used [0x000000079c780000,0x000000079cd97720,0x000000079d480000)
  to   space 14336K, 0% used [0x000000079b880000,0x000000079b880000,0x000000079c680000)
 ParOldGen       total 76288K, used 22633K [0x0000000740000000, 0x0000000744a80000, 0x0000000795580000)
  object space 76288K, 29% used [0x0000000740000000,0x000000074161a738,0x0000000744a80000)
 Metaspace       used 31199K, capacity 32290K, committed 32512K, reserved 1077248K
  class space    used 4116K, capacity 4352K, committed 4352K, reserved 1048576K
Event: 8.981 GC heap after
Heap after GC invocations=8 (full 1):
 PSYoungGen      total 115712K, used 14329K [0x0000000795580000, 0x00000007a1f00000, 0x00000007c0000000)
  eden space 101376K, 0% used [0x0000000795580000,0x0000000795580000,0x000000079b880000)
  from space 14336K, 99% used [0x000000079b880000,0x000000079c67e7f0,0x000000079c680000)
  to   space 27136K, 0% used [0x00000007a0480000,0x00000007a0480000,0x00000007a1f00000)
 ParOldGen       total 76288K, used 43546K [0x0000000740000000, 0x0000000744a80000, 0x0000000795580000)
  object space 76288K, 57% used [0x0000000740000000,0x0000000742a868f8,0x0000000744a80000)
 Metaspace       used 31199K, capacity 32290K, committed 32512K, reserved 1077248K
  class space    used 4116K, capacity 4352K, committed 4352K, reserved 1048576K
}
Event: 11.323 GC heap before
{Heap before GC invocations=9 (full 1):
 PSYoungGen      total 115712K, used 112289K [0x0000000795580000, 0x00000007a1f00000, 0x00000007c0000000)
  eden space 101376K, 96% used [0x0000000795580000,0x000000079b529d60,0x000000079b880000)
  from space 14336K, 99% used [0x000000079b880000,0x000000079c67e7f0,0x000000079c680000)
  to   space 27136K, 0% used [0x00000007a0480000,0x00000007a0480000,0x00000007a1f00000)
 ParOldGen       total 76288K, used 43546K [0x0000000740000000, 0x0000000744a80000, 0x0000000795580000)
  object space 76288K, 57% used [0x0000000740000000,0x0000000742a868f8,0x0000000744a80000)
 Metaspace       used 31876K, capacity 33010K, committed 33152K, reserved 1077248K
  class space    used 4178K, capacity 4416K, committed 4480K, reserved 1048576K
Event: 11.344 GC heap after
Heap after GC invocations=9 (full 1):
 PSYoungGen      total 175104K, used 25689K [0x0000000795580000, 0x00000007a2480000, 0x00000007c0000000)
  eden space 147968K, 0% used [0x0000000795580000,0x0000000795580000,0x000000079e600000)
  from space 27136K, 94% used [0x00000007a0480000,0x00000007a1d965f0,0x00000007a1f00000)
  to   space 31232K, 0% used [0x000000079e600000,0x000000079e600000,0x00000007a0480000)
 ParOldGen       total 76288K, used 47154K [0x0000000740000000, 0x0000000744a80000, 0x0000000795580000)
  object space 76288K, 61% used [0x0000000740000000,0x0000000742e0c908,0x0000000744a80000)
 Metaspace       used 31876K, capacity 33010K, committed 33152K, reserved 1077248K
  class space    used 4178K, capacity 4416K, committed 4480K, reserved 1048576K
}
Event: 13.145 GC heap before
{Heap before GC invocations=10 (full 1):
 PSYoungGen      total 175104K, used 172177K [0x0000000795580000, 0x00000007a2480000, 0x00000007c0000000)
  eden space 147968K, 98% used [0x0000000795580000,0x000000079e48de60,0x000000079e600000)
  from space 27136K, 94% used [0x00000007a0480000,0x00000007a1d965f0,0x00000007a1f00000)
  to   space 31232K, 0% used [0x000000079e600000,0x000000079e600000,0x00000007a0480000)
 ParOldGen       total 76288K, used 47154K [0x0000000740000000, 0x0000000744a80000, 0x0000000795580000)
  object space 76288K, 61% used [0x0000000740000000,0x0000000742e0c908,0x0000000744a80000)
 Metaspace       used 31948K, capacity 33086K, committed 33408K, reserved 1079296K
  class space    used 4178K, capacity 4416K, committed 4480K, reserved 1048576K
Event: 13.161 GC heap after
Heap after GC invocations=10 (full 1):
 PSYoungGen      total 179200K, used 18489K [0x0000000795580000, 0x00000007a4a80000, 0x00000007c0000000)
  eden space 147968K, 0% used [0x0000000795580000,0x0000000795580000,0x000000079e600000)
  from space 31232K, 59% used [0x000000079e600000,0x000000079f80e5d0,0x00000007a0480000)
  to   space 31232K, 0% used [0x00000007a2c00000,0x00000007a2c00000,0x00000007a4a80000)
 ParOldGen       total 76288K, used 47162K [0x0000000740000000, 0x0000000744a80000, 0x0000000795580000)
  object space 76288K, 61% used [0x0000000740000000,0x0000000742e0e908,0x0000000744a80000)
 Metaspace       used 31948K, capacity 33086K, committed 33408K, reserved 1079296K
  class space    used 4178K, capacity 4416K, committed 4480K, reserved 1048576K
}

