# JRE version: Java(TM) SE Runtime Environment (8.0_251-b08) (build 1.8.0_251-b08)
# Java VM: Java HotSpot(TM) 64-Bit Server VM (25.251-b08 mixed mode bsd-amd64 compressed oops)
Heap:
 PSYoungGen      total 279552K, used 228894K [0x0000000795580000, 0x00000007a8c00000, 0x00000007c0000000)
  eden space 264704K, 83% used [0x0000000795580000,0x00000007a2da79a0,0x00000007a5800000)
  from space 14848K, 50% used [0x00000007a7d80000,0x00000007a84e0020,0x00000007a8c00000)
  to   space 26624K, 0% used [0x00000007a5800000,0x00000007a5800000,0x00000007a7200000)
 ParOldGen       total 79872K, used 51489K [0x0000000740000000, 0x0000000744e00000, 0x0000000795580000)
  object space 79872K, 64% used [0x0000000740000000,0x0000000743248418,0x0000000744e00000)
 Metaspace       used 33820K, capacity 35046K, committed 35328K, reserved 1079296K
  class space    used 4242K, capacity 4526K, committed 4608K, reserved 1048576K
GC Heap History (10 events):
Event: 83.761 GC heap before
{Heap before GC invocations=23 (full 1):
 PSYoungGen      total 317440K, used 302795K [0x0000000795580000, 0x00000007abd00000, 0x00000007c0000000)
  eden space 290304K, 99% used [0x0000000795580000,0x00000007a6ee0268,0x00000007a7100000)
  from space 27136K, 54% used [0x00000007a7100000,0x00000007a7f52ab0,0x00000007a8b80000)
  to   space 26112K, 0% used [0x00000007aa380000,0x00000007aa380000,0x00000007abd00000)
 ParOldGen       total 79872K, used 44183K [0x0000000740000000, 0x0000000744e00000, 0x0000000795580000)
  object space 79872K, 55% used [0x0000000740000000,0x0000000742b25fb0,0x0000000744e00000)
 Metaspace       used 33075K, capacity 34296K, committed 34432K, reserved 1079296K
  class space    used 4183K, capacity 4451K, committed 4480K, reserved 1048576K
Event: 83.771 GC heap after
Heap after GC invocations=23 (full 1):
 PSYoungGen      total 339968K, used 3888K [0x0000000795580000, 0x00000007abd00000, 0x00000007c0000000)
  eden space 313856K, 0% used [0x0000000795580000,0x0000000795580000,0x00000007a8800000)
  from space 26112K, 14% used [0x00000007aa380000,0x00000007aa74c010,0x00000007abd00000)
  to   space 27136K, 0% used [0x00000007a8800000,0x00000007a8800000,0x00000007aa280000)
 ParOldGen       total 79872K, used 51353K [0x0000000740000000, 0x0000000744e00000, 0x0000000795580000)
  object space 79872K, 64% used [0x0000000740000000,0x0000000743226418,0x0000000744e00000)
 Metaspace       used 33075K, capacity 34296K, committed 34432K, reserved 1079296K
  class space    used 4183K, capacity 4451K, committed 4480K, reserved 1048576K
}
Event: 87.420 GC heap before
{Heap before GC invocations=24 (full 1):
 PSYoungGen      total 339968K, used 317662K [0x0000000795580000, 0x00000007abd00000, 0x00000007c0000000)
  eden space 313856K, 99% used [0x0000000795580000,0x00000007a87ebba0,0x00000007a8800000)
  from space 26112K, 14% used [0x00000007aa380000,0x00000007aa74c010,0x00000007abd00000)
  to   space 27136K, 0% used [0x00000007a8800000,0x00000007a8800000,0x00000007aa280000)
 ParOldGen       total 79872K, used 51353K [0x0000000740000000, 0x0000000744e00000, 0x0000000795580000)
  object space 79872K, 64% used [0x0000000740000000,0x0000000743226418,0x0000000744e00000)
 Metaspace       used 33109K, capacity 34296K, committed 34432K, reserved 1079296K
  class space    used 4183K, capacity 4451K, committed 4480K, reserved 1048576K
Event: 87.424 GC heap after
Heap after GC invocations=24 (full 1):
 PSYoungGen      total 304640K, used 3920K [0x0000000795580000, 0x00000007ab000000, 0x00000007c0000000)
  eden space 300544K, 0% used [0x0000000795580000,0x0000000795580000,0x00000007a7b00000)
  from space 4096K, 95% used [0x00000007a8800000,0x00000007a8bd4010,0x00000007a8c00000)
  to   space 27136K, 0% used [0x00000007a9580000,0x00000007a9580000,0x00000007ab000000)
 ParOldGen       total 79872K, used 51385K [0x0000000740000000, 0x0000000744e00000, 0x0000000795580000)
  object space 79872K, 64% used [0x0000000740000000,0x000000074322e418,0x0000000744e00000)
 Metaspace       used 33109K, capacity 34296K, committed 34432K, reserved 1079296K
  class space    used 4183K, capacity 4451K, committed 4480K, reserved 1048576K
}
Event: 91.181 GC heap before
{Heap before GC invocations=25 (full 1):
 PSYoungGen      total 304640K, used 304382K [0x0000000795580000, 0x00000007ab000000, 0x00000007c0000000)
  eden space 300544K, 99% used [0x0000000795580000,0x00000007a7aeba68,0x00000007a7b00000)
  from space 4096K, 95% used [0x00000007a8800000,0x00000007a8bd4010,0x00000007a8c00000)
  to   space 27136K, 0% used [0x00000007a9580000,0x00000007a9580000,0x00000007ab000000)
 ParOldGen       total 79872K, used 51385K [0x0000000740000000, 0x0000000744e00000, 0x0000000795580000)
  object space 79872K, 64% used [0x0000000740000000,0x000000074322e418,0x0000000744e00000)
 Metaspace       used 33122K, capacity 34296K, committed 34432K, reserved 1079296K
  class space    used 4183K, capacity 4451K, committed 4480K, reserved 1048576K
Event: 91.184 GC heap after
Heap after GC invocations=25 (full 1):
 PSYoungGen      total 303104K, used 3920K [0x0000000795580000, 0x00000007aa480000, 0x00000007c0000000)
  eden space 287744K, 0% used [0x0000000795580000,0x0000000795580000,0x00000007a6e80000)
  from space 15360K, 25% used [0x00000007a9580000,0x00000007a9954010,0x00000007aa480000)
  to   space 27648K, 0% used [0x00000007a6e80000,0x00000007a6e80000,0x00000007a8980000)
 ParOldGen       total 79872K, used 51409K [0x0000000740000000, 0x0000000744e00000, 0x0000000795580000)
  object space 79872K, 64% used [0x0000000740000000,0x0000000743234418,0x0000000744e00000)
 Metaspace       used 33122K, capacity 34296K, committed 34432K, reserved 1079296K
  class space    used 4183K, capacity 4451K, committed 4480K, reserved 1048576K
}
Event: 94.689 GC heap before
{Heap before GC invocations=26 (full 1):
 PSYoungGen      total 303104K, used 290792K [0x0000000795580000, 0x00000007aa480000, 0x00000007c0000000)
  eden space 287744K, 99% used [0x0000000795580000,0x00000007a6da5ff0,0x00000007a6e80000)
  from space 15360K, 25% used [0x00000007a9580000,0x00000007a9954010,0x00000007aa480000)
  to   space 27648K, 0% used [0x00000007a6e80000,0x00000007a6e80000,0x00000007a8980000)
 ParOldGen       total 79872K, used 51409K [0x0000000740000000, 0x0000000744e00000, 0x0000000795580000)
  object space 79872K, 64% used [0x0000000740000000,0x0000000743234418,0x0000000744e00000)
 Metaspace       used 33418K, capacity 34564K, committed 34688K, reserved 1079296K
  class space    used 4206K, capacity 4453K, committed 4480K, reserved 1048576K
Event: 94.693 GC heap after
Heap after GC invocations=26 (full 1):
 PSYoungGen      total 280064K, used 4048K [0x0000000795580000, 0x00000007a9800000, 0x00000007c0000000)
  eden space 275968K, 0% used [0x0000000795580000,0x0000000795580000,0x00000007a6300000)
  from space 4096K, 98% used [0x00000007a6e80000,0x00000007a7274010,0x00000007a7280000)
  to   space 27136K, 0% used [0x00000007a7d80000,0x00000007a7d80000,0x00000007a9800000)
 ParOldGen       total 79872K, used 51457K [0x0000000740000000, 0x0000000744e00000, 0x0000000795580000)
  object space 79872K, 64% used [0x0000000740000000,0x0000000743240418,0x0000000744e00000)
 Metaspace       used 33418K, capacity 34564K, committed 34688K, reserved 1079296K
  class space    used 4206K, capacity 4453K, committed 4480K, reserved 1048576K
}
Event: 97.793 GC heap before
{Heap before GC invocations=27 (full 1):
 PSYoungGen      total 280064K, used 276854K [0x0000000795580000, 0x00000007a9800000, 0x00000007c0000000)
  eden space 275968K, 98% used [0x0000000795580000,0x00000007a5fe99c8,0x00000007a6300000)
  from space 4096K, 98% used [0x00000007a6e80000,0x00000007a7274010,0x00000007a7280000)
  to   space 27136K, 0% used [0x00000007a7d80000,0x00000007a7d80000,0x00000007a9800000)
 ParOldGen       total 79872K, used 51457K [0x0000000740000000, 0x0000000744e00000, 0x0000000795580000)
  object space 79872K, 64% used [0x0000000740000000,0x0000000743240418,0x0000000744e00000)
 Metaspace       used 33426K, capacity 34564K, committed 34688K, reserved 1079296K
  class space    used 4206K, capacity 4453K, committed 4480K, reserved 1048576K
Event: 97.798 GC heap after
Heap after GC invocations=27 (full 1):
 PSYoungGen      total 279552K, used 7552K [0x0000000795580000, 0x00000007a8c00000, 0x00000007c0000000)
  eden space 264704K, 0% used [0x0000000795580000,0x0000000795580000,0x00000007a5800000)
  from space 14848K, 50% used [0x00000007a7d80000,0x00000007a84e0020,0x00000007a8c00000)
  to   space 26624K, 0% used [0x00000007a5800000,0x00000007a5800000,0x00000007a7200000)
 ParOldGen       total 79872K, used 51489K [0x0000000740000000, 0x0000000744e00000, 0x0000000795580000)
  object space 79872K, 64% used [0x0000000740000000,0x0000000743248418,0x0000000744e00000)
 Metaspace       used 33426K, capacity 34564K, committed 34688K, reserved 1079296K
  class space    used 4206K, capacity 4453K, committed 4480K, reserved 1048576K
}

