# JRE version: Java(TM) SE Runtime Environment (8.0_251-b08) (build 1.8.0_251-b08)
# Java VM: Java HotSpot(TM) 64-Bit Server VM (25.251-b08 mixed mode bsd-amd64 compressed oops)
Heap:
 PSYoungGen      total 114176K, used 21184K [0x0000000795580000, 0x000000079df00000, 0x00000007c0000000)
  eden space 91648K, 18% used [0x0000000795580000,0x00000007966740d0,0x000000079af00000)
  from space 22528K, 16% used [0x000000079c900000,0x000000079ccbc010,0x000000079df00000)
  to   space 24576K, 0% used [0x000000079af00000,0x000000079af00000,0x000000079c700000)
 ParOldGen       total 81920K, used 54264K [0x0000000740000000, 0x0000000745000000, 0x0000000795580000)
  object space 81920K, 66% used [0x0000000740000000,0x00000007434fe350,0x0000000745000000)
 Metaspace       used 28978K, capacity 29994K, committed 30080K, reserved 1075200K
  class space    used 3719K, capacity 3936K, committed 3968K, reserved 1048576K
GC Heap History (10 events):
Event: 581.019 GC heap before
{Heap before GC invocations=21 (full 1):
 PSYoungGen      total 123392K, used 120451K [0x0000000795580000, 0x000000079f300000, 0x00000007c0000000)
  eden space 107008K, 97% used [0x0000000795580000,0x000000079bb2a0b8,0x000000079be00000)
  from space 16384K, 99% used [0x000000079c300000,0x000000079d2f6e70,0x000000079d300000)
  to   space 27136K, 0% used [0x000000079d880000,0x000000079d880000,0x000000079f300000)
 ParOldGen       total 81920K, used 39774K [0x0000000740000000, 0x0000000745000000, 0x0000000795580000)
  object space 81920K, 48% used [0x0000000740000000,0x00000007426d7ab8,0x0000000745000000)
 Metaspace       used 28874K, capacity 29862K, committed 30080K, reserved 1075200K
  class space    used 3719K, capacity 3936K, committed 3968K, reserved 1048576K
Event: 581.029 GC heap after
Heap after GC invocations=21 (full 1):
 PSYoungGen      total 124928K, used 11944K [0x0000000795580000, 0x000000079ed80000, 0x00000007c0000000)
  eden space 103424K, 0% used [0x0000000795580000,0x0000000795580000,0x000000079ba80000)
  from space 21504K, 55% used [0x000000079d880000,0x000000079e42a3e0,0x000000079ed80000)
  to   space 26112K, 0% used [0x000000079ba80000,0x000000079ba80000,0x000000079d400000)
 ParOldGen       total 81920K, used 44223K [0x0000000740000000, 0x0000000745000000, 0x0000000795580000)
  object space 81920K, 53% used [0x0000000740000000,0x0000000742b2ff60,0x0000000745000000)
 Metaspace       used 28874K, capacity 29862K, committed 30080K, reserved 1075200K
  class space    used 3719K, capacity 3936K, committed 3968K, reserved 1048576K
}
Event: 582.323 GC heap before
{Heap before GC invocations=22 (full 1):
 PSYoungGen      total 124928K, used 111980K [0x0000000795580000, 0x000000079ed80000, 0x00000007c0000000)
  eden space 103424K, 96% used [0x0000000795580000,0x000000079b730ea0,0x000000079ba80000)
  from space 21504K, 55% used [0x000000079d880000,0x000000079e42a3e0,0x000000079ed80000)
  to   space 26112K, 0% used [0x000000079ba80000,0x000000079ba80000,0x000000079d400000)
 ParOldGen       total 81920K, used 44223K [0x0000000740000000, 0x0000000745000000, 0x0000000795580000)
  object space 81920K, 53% used [0x0000000740000000,0x0000000742b2ff60,0x0000000745000000)
 Metaspace       used 28885K, capacity 29926K, committed 30080K, reserved 1075200K
  class space    used 3719K, capacity 3936K, committed 3968K, reserved 1048576K
Event: 582.328 GC heap after
Heap after GC invocations=22 (full 1):
 PSYoungGen      total 109056K, used 8216K [0x0000000795580000, 0x000000079ea80000, 0x00000007c0000000)
  eden space 100352K, 0% used [0x0000000795580000,0x0000000795580000,0x000000079b780000)
  from space 8704K, 94% used [0x000000079ba80000,0x000000079c2863d0,0x000000079c300000)
  to   space 26112K, 0% used [0x000000079d100000,0x000000079d100000,0x000000079ea80000)
 ParOldGen       total 81920K, used 44343K [0x0000000740000000, 0x0000000745000000, 0x0000000795580000)
  object space 81920K, 54% used [0x0000000740000000,0x0000000742b4df60,0x0000000745000000)
 Metaspace       used 28885K, capacity 29926K, committed 30080K, reserved 1075200K
  class space    used 3719K, capacity 3936K, committed 3968K, reserved 1048576K
}
Event: 583.566 GC heap before
{Heap before GC invocations=23 (full 1):
 PSYoungGen      total 109056K, used 108003K [0x0000000795580000, 0x000000079ea80000, 0x00000007c0000000)
  eden space 100352K, 99% used [0x0000000795580000,0x000000079b6f28a0,0x000000079b780000)
  from space 8704K, 94% used [0x000000079ba80000,0x000000079c2863d0,0x000000079c300000)
  to   space 26112K, 0% used [0x000000079d100000,0x000000079d100000,0x000000079ea80000)
 ParOldGen       total 81920K, used 44343K [0x0000000740000000, 0x0000000745000000, 0x0000000795580000)
  object space 81920K, 54% used [0x0000000740000000,0x0000000742b4df60,0x0000000745000000)
 Metaspace       used 28922K, capacity 29926K, committed 30080K, reserved 1075200K
  class space    used 3719K, capacity 3936K, committed 3968K, reserved 1048576K
Event: 583.570 GC heap after
Heap after GC invocations=23 (full 1):
 PSYoungGen      total 118272K, used 11752K [0x0000000795580000, 0x000000079e580000, 0x00000007c0000000)
  eden space 97280K, 0% used [0x0000000795580000,0x0000000795580000,0x000000079b480000)
  from space 20992K, 55% used [0x000000079d100000,0x000000079dc7a3e0,0x000000079e580000)
  to   space 25088K, 0% used [0x000000079b480000,0x000000079b480000,0x000000079cd00000)
 ParOldGen       total 81920K, used 44383K [0x0000000740000000, 0x0000000745000000, 0x0000000795580000)
  object space 81920K, 54% used [0x0000000740000000,0x0000000742b57f60,0x0000000745000000)
 Metaspace       used 28922K, capacity 29926K, committed 30080K, reserved 1075200K
  class space    used 3719K, capacity 3936K, committed 3968K, reserved 1048576K
}
Event: 584.647 GC heap before
{Heap before GC invocations=24 (full 1):
 PSYoungGen      total 118272K, used 107794K [0x0000000795580000, 0x000000079e580000, 0x00000007c0000000)
  eden space 97280K, 98% used [0x0000000795580000,0x000000079b34a5a8,0x000000079b480000)
  from space 20992K, 55% used [0x000000079d100000,0x000000079dc7a3e0,0x000000079e580000)
  to   space 25088K, 0% used [0x000000079b480000,0x000000079b480000,0x000000079cd00000)
 ParOldGen       total 81920K, used 44383K [0x0000000740000000, 0x0000000745000000, 0x0000000795580000)
  object space 81920K, 54% used [0x0000000740000000,0x0000000742b57f60,0x0000000745000000)
 Metaspace       used 28951K, capacity 29926K, committed 30080K, reserved 1075200K
  class space    used 3719K, capacity 3936K, committed 3968K, reserved 1048576K
Event: 584.655 GC heap after
Heap after GC invocations=24 (full 1):
 PSYoungGen      total 105472K, used 10992K [0x0000000795580000, 0x000000079e080000, 0x00000007c0000000)
  eden space 94208K, 0% used [0x0000000795580000,0x0000000795580000,0x000000079b180000)
  from space 11264K, 97% used [0x000000079b480000,0x000000079bf3c030,0x000000079bf80000)
  to   space 24064K, 0% used [0x000000079c900000,0x000000079c900000,0x000000079e080000)
 ParOldGen       total 81920K, used 54232K [0x0000000740000000, 0x0000000745000000, 0x0000000795580000)
  object space 81920K, 66% used [0x0000000740000000,0x00000007434f6350,0x0000000745000000)
 Metaspace       used 28951K, capacity 29926K, committed 30080K, reserved 1075200K
  class space    used 3719K, capacity 3936K, committed 3968K, reserved 1048576K
}
Event: 585.733 GC heap before
{Heap before GC invocations=25 (full 1):
 PSYoungGen      total 105472K, used 103482K [0x0000000795580000, 0x000000079e080000, 0x00000007c0000000)
  eden space 94208K, 98% used [0x0000000795580000,0x000000079afd29f8,0x000000079b180000)
  from space 11264K, 97% used [0x000000079b480000,0x000000079bf3c030,0x000000079bf80000)
  to   space 24064K, 0% used [0x000000079c900000,0x000000079c900000,0x000000079e080000)
 ParOldGen       total 81920K, used 54232K [0x0000000740000000, 0x0000000745000000, 0x0000000795580000)
  object space 81920K, 66% used [0x0000000740000000,0x00000007434f6350,0x0000000745000000)
 Metaspace       used 28962K, capacity 29994K, committed 30080K, reserved 1075200K
  class space    used 3719K, capacity 3936K, committed 3968K, reserved 1048576K
Event: 585.735 GC heap after
Heap after GC invocations=25 (full 1):
 PSYoungGen      total 114176K, used 3824K [0x0000000795580000, 0x000000079df00000, 0x00000007c0000000)
  eden space 91648K, 0% used [0x0000000795580000,0x0000000795580000,0x000000079af00000)
  from space 22528K, 16% used [0x000000079c900000,0x000000079ccbc010,0x000000079df00000)
  to   space 24576K, 0% used [0x000000079af00000,0x000000079af00000,0x000000079c700000)
 ParOldGen       total 81920K, used 54264K [0x0000000740000000, 0x0000000745000000, 0x0000000795580000)
  object space 81920K, 66% used [0x0000000740000000,0x00000007434fe350,0x0000000745000000)
 Metaspace       used 28962K, capacity 29994K, committed 30080K, reserved 1075200K
  class space    used 3719K, capacity 3936K, committed 3968K, reserved 1048576K
}

