# JRE version: Java(TM) SE Runtime Environment (8.0_251-b08) (build 1.8.0_251-b08)
# Java VM: Java HotSpot(TM) 64-Bit Server VM (25.251-b08 mixed mode bsd-amd64 compressed oops)
Heap:
 PSYoungGen      total 60928K, used 34565K [0x0000000795580000, 0x000000079a580000, 0x00000007c0000000)
  eden space 41984K, 64% used [0x0000000795580000,0x0000000797009520,0x0000000797e80000)
  from space 18944K, 39% used [0x0000000799300000,0x0000000799a38020,0x000000079a580000)
  to   space 19968K, 0% used [0x0000000797e80000,0x0000000797e80000,0x0000000799200000)
 ParOldGen       total 75264K, used 51622K [0x0000000740000000, 0x0000000744980000, 0x0000000795580000)
  object space 75264K, 68% used [0x0000000740000000,0x00000007432698d0,0x0000000744980000)
 Metaspace       used 32140K, capacity 33206K, committed 33536K, reserved 1079296K
  class space    used 4060K, capacity 4284K, committed 4352K, reserved 1048576K
GC Heap History (10 events):
Event: 302.700 GC heap before
{Heap before GC invocations=267 (full 1):
 PSYoungGen      total 57344K, used 37216K [0x0000000795580000, 0x000000079a480000, 0x00000007c0000000)
  eden space 35840K, 93% used [0x0000000795580000,0x0000000797624148,0x0000000797880000)
  from space 21504K, 17% used [0x0000000797880000,0x0000000797c34010,0x0000000798d80000)
  to   space 21504K, 0% used [0x0000000798f80000,0x0000000798f80000,0x000000079a480000)
 ParOldGen       total 75264K, used 51606K [0x0000000740000000, 0x0000000744980000, 0x0000000795580000)
  object space 75264K, 68% used [0x0000000740000000,0x00000007432658d0,0x0000000744980000)
 Metaspace       used 32108K, capacity 33206K, committed 33536K, reserved 1079296K
  class space    used 4060K, capacity 4284K, committed 4352K, reserved 1048576K
Event: 302.708 GC heap after
Heap after GC invocations=267 (full 1):
 PSYoungGen      total 58368K, used 14592K [0x0000000795580000, 0x000000079a780000, 0x00000007c0000000)
  eden space 36864K, 0% used [0x0000000795580000,0x0000000795580000,0x0000000797980000)
  from space 21504K, 67% used [0x0000000798f80000,0x0000000799dc0040,0x000000079a480000)
  to   space 22528K, 0% used [0x0000000797980000,0x0000000797980000,0x0000000798f80000)
 ParOldGen       total 75264K, used 51614K [0x0000000740000000, 0x0000000744980000, 0x0000000795580000)
  object space 75264K, 68% used [0x0000000740000000,0x00000007432678d0,0x0000000744980000)
 Metaspace       used 32108K, capacity 33206K, committed 33536K, reserved 1079296K
  class space    used 4060K, capacity 4284K, committed 4352K, reserved 1048576K
}
Event: 303.202 GC heap before
{Heap before GC invocations=268 (full 1):
 PSYoungGen      total 58368K, used 48486K [0x0000000795580000, 0x000000079a780000, 0x00000007c0000000)
  eden space 36864K, 91% used [0x0000000795580000,0x0000000797699950,0x0000000797980000)
  from space 21504K, 67% used [0x0000000798f80000,0x0000000799dc0040,0x000000079a480000)
  to   space 22528K, 0% used [0x0000000797980000,0x0000000797980000,0x0000000798f80000)
 ParOldGen       total 75264K, used 51614K [0x0000000740000000, 0x0000000744980000, 0x0000000795580000)
  object space 75264K, 68% used [0x0000000740000000,0x00000007432678d0,0x0000000744980000)
 Metaspace       used 32114K, capacity 33206K, committed 33536K, reserved 1079296K
  class space    used 4060K, capacity 4284K, committed 4352K, reserved 1048576K
Event: 303.204 GC heap after
Heap after GC invocations=268 (full 1):
 PSYoungGen      total 59392K, used 3824K [0x0000000795580000, 0x000000079a700000, 0x00000007c0000000)
  eden space 36864K, 0% used [0x0000000795580000,0x0000000795580000,0x0000000797980000)
  from space 22528K, 16% used [0x0000000797980000,0x0000000797d3c010,0x0000000798f80000)
  to   space 22016K, 0% used [0x0000000799180000,0x0000000799180000,0x000000079a700000)
 ParOldGen       total 75264K, used 51614K [0x0000000740000000, 0x0000000744980000, 0x0000000795580000)
  object space 75264K, 68% used [0x0000000740000000,0x00000007432678d0,0x0000000744980000)
 Metaspace       used 32114K, capacity 33206K, committed 33536K, reserved 1079296K
  class space    used 4060K, capacity 4284K, committed 4352K, reserved 1048576K
}
Event: 303.684 GC heap before
{Heap before GC invocations=269 (full 1):
 PSYoungGen      total 59392K, used 37687K [0x0000000795580000, 0x000000079a700000, 0x00000007c0000000)
  eden space 36864K, 91% used [0x0000000795580000,0x0000000797691e98,0x0000000797980000)
  from space 22528K, 16% used [0x0000000797980000,0x0000000797d3c010,0x0000000798f80000)
  to   space 22016K, 0% used [0x0000000799180000,0x0000000799180000,0x000000079a700000)
 ParOldGen       total 75264K, used 51614K [0x0000000740000000, 0x0000000744980000, 0x0000000795580000)
  object space 75264K, 68% used [0x0000000740000000,0x00000007432678d0,0x0000000744980000)
 Metaspace       used 32118K, capacity 33206K, committed 33536K, reserved 1079296K
  class space    used 4060K, capacity 4284K, committed 4352K, reserved 1048576K
Event: 303.690 GC heap after
Heap after GC invocations=269 (full 1):
 PSYoungGen      total 60416K, used 10992K [0x0000000795580000, 0x000000079a600000, 0x00000007c0000000)
  eden space 39424K, 0% used [0x0000000795580000,0x0000000795580000,0x0000000797c00000)
  from space 20992K, 52% used [0x0000000799180000,0x0000000799c3c030,0x000000079a600000)
  to   space 21504K, 0% used [0x0000000797c00000,0x0000000797c00000,0x0000000799100000)
 ParOldGen       total 75264K, used 51614K [0x0000000740000000, 0x0000000744980000, 0x0000000795580000)
  object space 75264K, 68% used [0x0000000740000000,0x00000007432678d0,0x0000000744980000)
 Metaspace       used 32118K, capacity 33206K, committed 33536K, reserved 1079296K
  class space    used 4060K, capacity 4284K, committed 4352K, reserved 1048576K
}
Event: 304.109 GC heap before
{Heap before GC invocations=270 (full 1):
 PSYoungGen      total 60416K, used 47975K [0x0000000795580000, 0x000000079a600000, 0x00000007c0000000)
  eden space 39424K, 93% used [0x0000000795580000,0x000000079799dd60,0x0000000797c00000)
  from space 20992K, 52% used [0x0000000799180000,0x0000000799c3c030,0x000000079a600000)
  to   space 21504K, 0% used [0x0000000797c00000,0x0000000797c00000,0x0000000799100000)
 ParOldGen       total 75264K, used 51614K [0x0000000740000000, 0x0000000744980000, 0x0000000795580000)
  object space 75264K, 68% used [0x0000000740000000,0x00000007432678d0,0x0000000744980000)
 Metaspace       used 32119K, capacity 33206K, committed 33536K, reserved 1079296K
  class space    used 4060K, capacity 4284K, committed 4352K, reserved 1048576K
Event: 304.112 GC heap after
Heap after GC invocations=270 (full 1):
 PSYoungGen      total 60928K, used 10992K [0x0000000795580000, 0x000000079a780000, 0x00000007c0000000)
  eden space 39424K, 0% used [0x0000000795580000,0x0000000795580000,0x0000000797c00000)
  from space 21504K, 51% used [0x0000000797c00000,0x00000007986bc030,0x0000000799100000)
  to   space 20992K, 0% used [0x0000000799300000,0x0000000799300000,0x000000079a780000)
 ParOldGen       total 75264K, used 51622K [0x0000000740000000, 0x0000000744980000, 0x0000000795580000)
  object space 75264K, 68% used [0x0000000740000000,0x00000007432698d0,0x0000000744980000)
 Metaspace       used 32119K, capacity 33206K, committed 33536K, reserved 1079296K
  class space    used 4060K, capacity 4284K, committed 4352K, reserved 1048576K
}
Event: 304.515 GC heap before
{Heap before GC invocations=271 (full 1):
 PSYoungGen      total 60928K, used 47943K [0x0000000795580000, 0x000000079a780000, 0x00000007c0000000)
  eden space 39424K, 93% used [0x0000000795580000,0x0000000797995f80,0x0000000797c00000)
  from space 21504K, 51% used [0x0000000797c00000,0x00000007986bc030,0x0000000799100000)
  to   space 20992K, 0% used [0x0000000799300000,0x0000000799300000,0x000000079a780000)
 ParOldGen       total 75264K, used 51622K [0x0000000740000000, 0x0000000744980000, 0x0000000795580000)
  object space 75264K, 68% used [0x0000000740000000,0x00000007432698d0,0x0000000744980000)
 Metaspace       used 32119K, capacity 33206K, committed 33536K, reserved 1079296K
  class space    used 4060K, capacity 4284K, committed 4352K, reserved 1048576K
Event: 304.517 GC heap after
Heap after GC invocations=271 (full 1):
 PSYoungGen      total 60928K, used 7392K [0x0000000795580000, 0x000000079a580000, 0x00000007c0000000)
  eden space 41984K, 0% used [0x0000000795580000,0x0000000795580000,0x0000000797e80000)
  from space 18944K, 39% used [0x0000000799300000,0x0000000799a38020,0x000000079a580000)
  to   space 19968K, 0% used [0x0000000797e80000,0x0000000797e80000,0x0000000799200000)
 ParOldGen       total 75264K, used 51622K [0x0000000740000000, 0x0000000744980000, 0x0000000795580000)
  object space 75264K, 68% used [0x0000000740000000,0x00000007432698d0,0x0000000744980000)
 Metaspace       used 32119K, capacity 33206K, committed 33536K, reserved 1079296K
  class space    used 4060K, capacity 4284K, committed 4352K, reserved 1048576K
}

