# JRE version: Java(TM) SE Runtime Environment (8.0_251-b08) (build 1.8.0_251-b08)
# Java VM: Java HotSpot(TM) 64-Bit Server VM (25.251-b08 mixed mode bsd-amd64 compressed oops)
Heap:
 PSYoungGen      total 112640K, used 86379K [0x0000000795580000, 0x000000079df80000, 0x00000007c0000000)
  eden space 94720K, 72% used [0x0000000795580000,0x000000079985c0e8,0x000000079b200000)
  from space 17920K, 99% used [0x000000079c780000,0x000000079d8fece0,0x000000079d900000)
  to   space 22016K, 0% used [0x000000079b200000,0x000000079b200000,0x000000079c780000)
 ParOldGen       total 76800K, used 40603K [0x0000000740000000, 0x0000000744b00000, 0x0000000795580000)
  object space 76800K, 52% used [0x0000000740000000,0x00000007427a6d40,0x0000000744b00000)
 Metaspace       used 32670K, capacity 33834K, committed 34048K, reserved 1079296K
  class space    used 4221K, capacity 4490K, committed 4608K, reserved 1048576K
GC Heap History (10 events):
Event: 7.554 GC heap before
{Heap before GC invocations=7 (full 1):
 PSYoungGen      total 38400K, used 38384K [0x0000000795580000, 0x000000079a300000, 0x00000007c0000000)
  eden space 33280K, 100% used [0x0000000795580000,0x0000000797600000,0x0000000797600000)
  from space 5120K, 99% used [0x0000000797600000,0x0000000797afc010,0x0000000797b00000)
  to   space 14336K, 0% used [0x0000000799500000,0x0000000799500000,0x000000079a300000)
 ParOldGen       total 76800K, used 22266K [0x0000000740000000, 0x0000000744b00000, 0x0000000795580000)
  object space 76800K, 28% used [0x0000000740000000,0x00000007415beb20,0x0000000744b00000)
 Metaspace       used 24521K, capacity 25580K, committed 25728K, reserved 1071104K
  class space    used 3399K, capacity 3633K, committed 3712K, reserved 1048576K
Event: 7.559 GC heap after
Heap after GC invocations=7 (full 1):
 PSYoungGen      total 65024K, used 5675K [0x0000000795580000, 0x000000079a280000, 0x00000007c0000000)
  eden space 51200K, 0% used [0x0000000795580000,0x0000000795580000,0x0000000798780000)
  from space 13824K, 41% used [0x0000000799500000,0x0000000799a8af30,0x000000079a280000)
  to   space 13824K, 0% used [0x0000000798780000,0x0000000798780000,0x0000000799500000)
 ParOldGen       total 76800K, used 22274K [0x0000000740000000, 0x0000000744b00000, 0x0000000795580000)
  object space 76800K, 29% used [0x0000000740000000,0x00000007415c0b20,0x0000000744b00000)
 Metaspace       used 24521K, capacity 25580K, committed 25728K, reserved 1071104K
  class space    used 3399K, capacity 3633K, committed 3712K, reserved 1048576K
}
Event: 8.172 GC heap before
{Heap before GC invocations=8 (full 1):
 PSYoungGen      total 65024K, used 56875K [0x0000000795580000, 0x000000079a280000, 0x00000007c0000000)
  eden space 51200K, 100% used [0x0000000795580000,0x0000000798780000,0x0000000798780000)
  from space 13824K, 41% used [0x0000000799500000,0x0000000799a8af30,0x000000079a280000)
  to   space 13824K, 0% used [0x0000000798780000,0x0000000798780000,0x0000000799500000)
 ParOldGen       total 76800K, used 22274K [0x0000000740000000, 0x0000000744b00000, 0x0000000795580000)
  object space 76800K, 29% used [0x0000000740000000,0x00000007415c0b20,0x0000000744b00000)
 Metaspace       used 24709K, capacity 25708K, committed 25984K, reserved 1071104K
  class space    used 3416K, capacity 3633K, committed 3712K, reserved 1048576K
Event: 8.179 GC heap after
Heap after GC invocations=8 (full 1):
 PSYoungGen      total 65024K, used 8960K [0x0000000795580000, 0x000000079bc00000, 0x00000007c0000000)
  eden space 51200K, 0% used [0x0000000795580000,0x0000000795580000,0x0000000798780000)
  from space 13824K, 64% used [0x0000000798780000,0x0000000799040020,0x0000000799500000)
  to   space 13824K, 0% used [0x000000079ae80000,0x000000079ae80000,0x000000079bc00000)
 ParOldGen       total 76800K, used 22282K [0x0000000740000000, 0x0000000744b00000, 0x0000000795580000)
  object space 76800K, 29% used [0x0000000740000000,0x00000007415c2b20,0x0000000744b00000)
 Metaspace       used 24709K, capacity 25708K, committed 25984K, reserved 1071104K
  class space    used 3416K, capacity 3633K, committed 3712K, reserved 1048576K
}
Event: 9.026 GC heap before
{Heap before GC invocations=9 (full 1):
 PSYoungGen      total 65024K, used 60160K [0x0000000795580000, 0x000000079bc00000, 0x00000007c0000000)
  eden space 51200K, 100% used [0x0000000795580000,0x0000000798780000,0x0000000798780000)
  from space 13824K, 64% used [0x0000000798780000,0x0000000799040020,0x0000000799500000)
  to   space 13824K, 0% used [0x000000079ae80000,0x000000079ae80000,0x000000079bc00000)
 ParOldGen       total 76800K, used 22282K [0x0000000740000000, 0x0000000744b00000, 0x0000000795580000)
  object space 76800K, 29% used [0x0000000740000000,0x00000007415c2b20,0x0000000744b00000)
 Metaspace       used 30569K, capacity 31716K, committed 32000K, reserved 1077248K
  class space    used 4061K, capacity 4315K, committed 4352K, reserved 1048576K
Event: 9.038 GC heap after
Heap after GC invocations=9 (full 1):
 PSYoungGen      total 88576K, used 13816K [0x0000000795580000, 0x000000079c000000, 0x00000007c0000000)
  eden space 74752K, 0% used [0x0000000795580000,0x0000000795580000,0x0000000799e80000)
  from space 13824K, 99% used [0x000000079ae80000,0x000000079bbfe230,0x000000079bc00000)
  to   space 16384K, 0% used [0x0000000799e80000,0x0000000799e80000,0x000000079ae80000)
 ParOldGen       total 76800K, used 24284K [0x0000000740000000, 0x0000000744b00000, 0x0000000795580000)
  object space 76800K, 31% used [0x0000000740000000,0x00000007417b72e8,0x0000000744b00000)
 Metaspace       used 30569K, capacity 31716K, committed 32000K, reserved 1077248K
  class space    used 4061K, capacity 4315K, committed 4352K, reserved 1048576K
}
Event: 10.411 GC heap before
{Heap before GC invocations=10 (full 1):
 PSYoungGen      total 88576K, used 86884K [0x0000000795580000, 0x000000079c000000, 0x00000007c0000000)
  eden space 74752K, 97% used [0x0000000795580000,0x0000000799cdb058,0x0000000799e80000)
  from space 13824K, 99% used [0x000000079ae80000,0x000000079bbfe230,0x000000079bc00000)
  to   space 16384K, 0% used [0x0000000799e80000,0x0000000799e80000,0x000000079ae80000)
 ParOldGen       total 76800K, used 24284K [0x0000000740000000, 0x0000000744b00000, 0x0000000795580000)
  object space 76800K, 31% used [0x0000000740000000,0x00000007417b72e8,0x0000000744b00000)
 Metaspace       used 31225K, capacity 32290K, committed 32512K, reserved 1077248K
  class space    used 4111K, capacity 4352K, committed 4352K, reserved 1048576K
Event: 10.451 GC heap after
Heap after GC invocations=10 (full 1):
 PSYoungGen      total 91136K, used 14794K [0x0000000795580000, 0x000000079d900000, 0x00000007c0000000)
  eden space 74752K, 0% used [0x0000000795580000,0x0000000795580000,0x0000000799e80000)
  from space 16384K, 90% used [0x0000000799e80000,0x000000079acf2870,0x000000079ae80000)
  to   space 17920K, 0% used [0x000000079c780000,0x000000079c780000,0x000000079d900000)
 ParOldGen       total 76800K, used 36579K [0x0000000740000000, 0x0000000744b00000, 0x0000000795580000)
  object space 76800K, 47% used [0x0000000740000000,0x00000007423b8d30,0x0000000744b00000)
 Metaspace       used 31225K, capacity 32290K, committed 32512K, reserved 1077248K
  class space    used 4111K, capacity 4352K, committed 4352K, reserved 1048576K
}
Event: 11.568 GC heap before
{Heap before GC invocations=11 (full 1):
 PSYoungGen      total 91136K, used 89137K [0x0000000795580000, 0x000000079d900000, 0x00000007c0000000)
  eden space 74752K, 99% used [0x0000000795580000,0x0000000799e19c70,0x0000000799e80000)
  from space 16384K, 90% used [0x0000000799e80000,0x000000079acf2870,0x000000079ae80000)
  to   space 17920K, 0% used [0x000000079c780000,0x000000079c780000,0x000000079d900000)
 ParOldGen       total 76800K, used 36579K [0x0000000740000000, 0x0000000744b00000, 0x0000000795580000)
  object space 76800K, 47% used [0x0000000740000000,0x00000007423b8d30,0x0000000744b00000)
 Metaspace       used 31302K, capacity 32446K, committed 32512K, reserved 1077248K
  class space    used 4111K, capacity 4352K, committed 4352K, reserved 1048576K
Event: 11.578 GC heap after
Heap after GC invocations=11 (full 1):
 PSYoungGen      total 112640K, used 17915K [0x0000000795580000, 0x000000079df80000, 0x00000007c0000000)
  eden space 94720K, 0% used [0x0000000795580000,0x0000000795580000,0x000000079b200000)
  from space 17920K, 99% used [0x000000079c780000,0x000000079d8fece0,0x000000079d900000)
  to   space 22016K, 0% used [0x000000079b200000,0x000000079b200000,0x000000079c780000)
 ParOldGen       total 76800K, used 40603K [0x0000000740000000, 0x0000000744b00000, 0x0000000795580000)
  object space 76800K, 52% used [0x0000000740000000,0x00000007427a6d40,0x0000000744b00000)
 Metaspace       used 31302K, capacity 32446K, committed 32512K, reserved 1077248K
  class space    used 4111K, capacity 4352K, committed 4352K, reserved 1048576K
}

