# JRE version: Java(TM) SE Runtime Environment (8.0_251-b08) (build 1.8.0_251-b08)
# Java VM: Java HotSpot(TM) 64-Bit Server VM (25.251-b08 mixed mode bsd-amd64 compressed oops)
Heap:
 PSYoungGen      total 90112K, used 20684K [0x0000000795580000, 0x000000079c480000, 0x00000007c0000000)
  eden space 70656K, 23% used [0x0000000795580000,0x00000007965ff050,0x0000000799a80000)
  from space 19456K, 19% used [0x000000079b180000,0x000000079b534010,0x000000079c480000)
  to   space 21504K, 0% used [0x0000000799a80000,0x0000000799a80000,0x000000079af80000)
 ParOldGen       total 77824K, used 58425K [0x0000000740000000, 0x0000000744c00000, 0x0000000795580000)
  object space 77824K, 75% used [0x0000000740000000,0x000000074390e710,0x0000000744c00000)
 Metaspace       used 29610K, capacity 30694K, committed 30976K, reserved 1077248K
  class space    used 3747K, capacity 3972K, committed 4096K, reserved 1048576K
GC Heap History (10 events):
Event: 196.636 GC heap before
{Heap before GC invocations=65 (full 1):
 PSYoungGen      total 95744K, used 92183K [0x0000000795580000, 0x000000079d080000, 0x00000007c0000000)
  eden space 80896K, 95% used [0x0000000795580000,0x000000079a13dbd0,0x000000079a480000)
  from space 14848K, 98% used [0x000000079a700000,0x000000079b548040,0x000000079b580000)
  to   space 22528K, 0% used [0x000000079ba80000,0x000000079ba80000,0x000000079d080000)
 ParOldGen       total 77824K, used 58273K [0x0000000740000000, 0x0000000744c00000, 0x0000000795580000)
  object space 77824K, 74% used [0x0000000740000000,0x00000007438e8710,0x0000000744c00000)
 Metaspace       used 29585K, capacity 30694K, committed 30976K, reserved 1077248K
  class space    used 3747K, capacity 3972K, committed 4096K, reserved 1048576K
Event: 196.649 GC heap after
Heap after GC invocations=65 (full 1):
 PSYoungGen      total 98304K, used 3824K [0x0000000795580000, 0x000000079cd80000, 0x00000007c0000000)
  eden space 78848K, 0% used [0x0000000795580000,0x0000000795580000,0x000000079a280000)
  from space 19456K, 19% used [0x000000079ba80000,0x000000079be3c010,0x000000079cd80000)
  to   space 22016K, 0% used [0x000000079a280000,0x000000079a280000,0x000000079b800000)
 ParOldGen       total 77824K, used 58297K [0x0000000740000000, 0x0000000744c00000, 0x0000000795580000)
  object space 77824K, 74% used [0x0000000740000000,0x00000007438ee710,0x0000000744c00000)
 Metaspace       used 29585K, capacity 30694K, committed 30976K, reserved 1077248K
  class space    used 3747K, capacity 3972K, committed 4096K, reserved 1048576K
}
Event: 197.462 GC heap before
{Heap before GC invocations=66 (full 1):
 PSYoungGen      total 98304K, used 81407K [0x0000000795580000, 0x000000079cd80000, 0x00000007c0000000)
  eden space 78848K, 98% used [0x0000000795580000,0x000000079a143c38,0x000000079a280000)
  from space 19456K, 19% used [0x000000079ba80000,0x000000079be3c010,0x000000079cd80000)
  to   space 22016K, 0% used [0x000000079a280000,0x000000079a280000,0x000000079b800000)
 ParOldGen       total 77824K, used 58297K [0x0000000740000000, 0x0000000744c00000, 0x0000000795580000)
  object space 77824K, 74% used [0x0000000740000000,0x00000007438ee710,0x0000000744c00000)
 Metaspace       used 29585K, capacity 30694K, committed 30976K, reserved 1077248K
  class space    used 3747K, capacity 3972K, committed 4096K, reserved 1048576K
Event: 197.465 GC heap after
Heap after GC invocations=66 (full 1):
 PSYoungGen      total 84480K, used 7424K [0x0000000795580000, 0x000000079c980000, 0x00000007c0000000)
  eden space 76800K, 0% used [0x0000000795580000,0x0000000795580000,0x000000079a080000)
  from space 7680K, 96% used [0x000000079a280000,0x000000079a9c0020,0x000000079aa00000)
  to   space 20992K, 0% used [0x000000079b500000,0x000000079b500000,0x000000079c980000)
 ParOldGen       total 77824K, used 58321K [0x0000000740000000, 0x0000000744c00000, 0x0000000795580000)
  object space 77824K, 74% used [0x0000000740000000,0x00000007438f4710,0x0000000744c00000)
 Metaspace       used 29585K, capacity 30694K, committed 30976K, reserved 1077248K
  class space    used 3747K, capacity 3972K, committed 4096K, reserved 1048576K
}
Event: 198.293 GC heap before
{Heap before GC invocations=67 (full 1):
 PSYoungGen      total 84480K, used 81661K [0x0000000795580000, 0x000000079c980000, 0x00000007c0000000)
  eden space 76800K, 96% used [0x0000000795580000,0x0000000799dff6b0,0x000000079a080000)
  from space 7680K, 96% used [0x000000079a280000,0x000000079a9c0020,0x000000079aa00000)
  to   space 20992K, 0% used [0x000000079b500000,0x000000079b500000,0x000000079c980000)
 ParOldGen       total 77824K, used 58321K [0x0000000740000000, 0x0000000744c00000, 0x0000000795580000)
  object space 77824K, 74% used [0x0000000740000000,0x00000007438f4710,0x0000000744c00000)
 Metaspace       used 29588K, capacity 30694K, committed 30976K, reserved 1077248K
  class space    used 3747K, capacity 3972K, committed 4096K, reserved 1048576K
Event: 198.296 GC heap after
Heap after GC invocations=67 (full 1):
 PSYoungGen      total 92672K, used 11024K [0x0000000795580000, 0x000000079c680000, 0x00000007c0000000)
  eden space 74752K, 0% used [0x0000000795580000,0x0000000795580000,0x0000000799e80000)
  from space 17920K, 61% used [0x000000079b500000,0x000000079bfc4030,0x000000079c680000)
  to   space 20480K, 0% used [0x0000000799e80000,0x0000000799e80000,0x000000079b280000)
 ParOldGen       total 77824K, used 58345K [0x0000000740000000, 0x0000000744c00000, 0x0000000795580000)
  object space 77824K, 74% used [0x0000000740000000,0x00000007438fa710,0x0000000744c00000)
 Metaspace       used 29588K, capacity 30694K, committed 30976K, reserved 1077248K
  class space    used 3747K, capacity 3972K, committed 4096K, reserved 1048576K
}
Event: 199.120 GC heap before
{Heap before GC invocations=68 (full 1):
 PSYoungGen      total 92672K, used 84803K [0x0000000795580000, 0x000000079c680000, 0x00000007c0000000)
  eden space 74752K, 98% used [0x0000000795580000,0x0000000799d8cc70,0x0000000799e80000)
  from space 17920K, 61% used [0x000000079b500000,0x000000079bfc4030,0x000000079c680000)
  to   space 20480K, 0% used [0x0000000799e80000,0x0000000799e80000,0x000000079b280000)
 ParOldGen       total 77824K, used 58345K [0x0000000740000000, 0x0000000744c00000, 0x0000000795580000)
  object space 77824K, 74% used [0x0000000740000000,0x00000007438fa710,0x0000000744c00000)
 Metaspace       used 29588K, capacity 30694K, committed 30976K, reserved 1077248K
  class space    used 3747K, capacity 3972K, committed 4096K, reserved 1048576K
Event: 199.124 GC heap after
Heap after GC invocations=68 (full 1):
 PSYoungGen      total 87552K, used 14624K [0x0000000795580000, 0x000000079c680000, 0x00000007c0000000)
  eden space 72704K, 0% used [0x0000000795580000,0x0000000795580000,0x0000000799c80000)
  from space 14848K, 98% used [0x0000000799e80000,0x000000079acc8040,0x000000079ad00000)
  to   space 21504K, 0% used [0x000000079b180000,0x000000079b180000,0x000000079c680000)
 ParOldGen       total 77824K, used 58377K [0x0000000740000000, 0x0000000744c00000, 0x0000000795580000)
  object space 77824K, 75% used [0x0000000740000000,0x0000000743902710,0x0000000744c00000)
 Metaspace       used 29588K, capacity 30694K, committed 30976K, reserved 1077248K
  class space    used 3747K, capacity 3972K, committed 4096K, reserved 1048576K
}
Event: 199.949 GC heap before
{Heap before GC invocations=69 (full 1):
 PSYoungGen      total 87552K, used 84834K [0x0000000795580000, 0x000000079c680000, 0x00000007c0000000)
  eden space 72704K, 96% used [0x0000000795580000,0x0000000799a10918,0x0000000799c80000)
  from space 14848K, 98% used [0x0000000799e80000,0x000000079acc8040,0x000000079ad00000)
  to   space 21504K, 0% used [0x000000079b180000,0x000000079b180000,0x000000079c680000)
 ParOldGen       total 77824K, used 58377K [0x0000000740000000, 0x0000000744c00000, 0x0000000795580000)
  object space 77824K, 75% used [0x0000000740000000,0x0000000743902710,0x0000000744c00000)
 Metaspace       used 29588K, capacity 30694K, committed 30976K, reserved 1077248K
  class space    used 3747K, capacity 3972K, committed 4096K, reserved 1048576K
Event: 199.951 GC heap after
Heap after GC invocations=69 (full 1):
 PSYoungGen      total 90112K, used 3792K [0x0000000795580000, 0x000000079c480000, 0x00000007c0000000)
  eden space 70656K, 0% used [0x0000000795580000,0x0000000795580000,0x0000000799a80000)
  from space 19456K, 19% used [0x000000079b180000,0x000000079b534010,0x000000079c480000)
  to   space 21504K, 0% used [0x0000000799a80000,0x0000000799a80000,0x000000079af80000)
 ParOldGen       total 77824K, used 58425K [0x0000000740000000, 0x0000000744c00000, 0x0000000795580000)
  object space 77824K, 75% used [0x0000000740000000,0x000000074390e710,0x0000000744c00000)
 Metaspace       used 29588K, capacity 30694K, committed 30976K, reserved 1077248K
  class space    used 3747K, capacity 3972K, committed 4096K, reserved 1048576K
}

